#
# A fatal error has been detected by the Java Runtime Environment:
#
#  SIGSEGV (0xb) at pc=0x00000001065e18cc, pid=4916, tid=17923
#
# JRE version: 7.0_17-b02
# Java VM: Java HotSpot(TM) 64-Bit Server VM (23.7-b01 mixed mode bsd-amd64 compressed oops)
# Problematic frame:
# V  [libjvm.dylib+0x25e8cc]
#
# Failed to write core dump. Core dumps have been disabled. To enable core dumping, try "ulimit -c unlimited" before starting Java again
#
# If you would like to submit a bug report, please visit:
#   http://bugreport.sun.com/bugreport/crash.jsp
#

---------------  T H R E A D  ---------------

Current thread (0x00007fa19c832800):  JavaThread "JDWP Transport Listener: dt_socket" daemon [_thread_in_vm, id=17923, stack(0x000000010f695000,0x000000010f795000)]

siginfo:si_signo=SIGSEGV: si_errno=0, si_code=1 (SEGV_MAPERR), si_addr=0x000000000000000c

Registers:
RAX=0x0000000000000000, RBX=0x00000007e13d4d08, RCX=0x000000000000000c, RDX=0x0000000000000000
RSP=0x000000010f794a70, RBP=0x000000010f794a70, RSI=0x0000000106264348, RDI=0x00000007e13d4d08
R8 =0x0000000000000003, R9 =0x00000000000006c8, R10=0x0000000000000000, R11=0x000000010626d130
R12=0x00007fa19c832800, R13=0x00000001062435e0, R14=0x0000000000000000, R15=0x0000000000000000
RIP=0x00000001065e18cc, EFLAGS=0x0000000000010202, ERR=0x0000000000000004
  TRAPNO=0x000000000000000e

Top of Stack: (sp=0x000000010f794a70)
0x000000010f794a70:   000000010f794aa0 0000000106612006
0x000000010f794a80:   0000000000000000 0000000000000000
0x000000010f794a90:   00000007e13d4d08 00007fa19c8329d8
0x000000010f794aa0:   000000010f794b10 00000001066217fd
0x000000010f794ab0:   00007fa19c832800 00007fa19c832800
0x000000010f794ac0:   0000000000000000 0000000000000000
0x000000010f794ad0:   00007fa19c8329d8 00007fa19c832800
0x000000010f794ae0:   00007fa19c832800 000000010f794b68
0x000000010f794af0:   0000000106264348 00000001062435e0
0x000000010f794b00:   000000010f794cf0 00007fa19c8329d8
0x000000010f794b10:   000000010f794b40 0000000106f6465e
0x000000010f794b20:   000000010f794cf0 0000000106f84da4
0x000000010f794b30:   000000010f794b68 0000000106f90568
0x000000010f794b40:   000000010f794d60 0000000106f6b75e
0x000000010f794b50:   00000d3300000013 00007fa19b010a00
0x000000010f794b60:   000000010626cc80 000000010f794bb8
0x000000010f794b70:   000000010000012c 000000010f794b80
0x000000010f794b80:   00007fa100000000 000000010f794bb8
0x000000010f794b90:   0000000000000000 00007f0000000000
0x000000010f794ba0:   00000d3300000011 000000010000f580
0x000000010f794bb0:   000000010f794bb8 0000015a01000000
0x000000010f794bc0:   0e00002200000000 0000000004000000
0x000000010f794bd0:   5702000000000000 0400000000000000
0x000000010f794be0:   00000000090c0000 5902000009000000
0x000000010f794bf0:   0e00000000000000 00002c005a020000
0x000000010f794c00:   000102002a000000 001c000000000000
0x000000010f794c10:   0050402606010000 0001000000000000
0x000000010f794c20:   0103002a00000000 0e00000000000000
0x000000010f794c30:   680d240601000000 1300000000000000
0x000000010f794c40:   04002a0000000000 0000000000000001
0x000000010f794c50:   3b2606010000000f 00000000000000c8
0x000000010f794c60:   002a000000000018 0000000000000105 

Instructions: (pc=0x00000001065e18cc)
0x00000001065e18ac:   eb 16 48 8d 35 ab 3c 45 00 8a 4e 08 48 d3 e2 48
0x00000001065e18bc:   03 16 eb 04 48 8b 14 0f 84 c0 0f 94 c0 0f b6 c0
0x00000001065e18cc:   8b 44 82 0c 5d c3 8b 04 07 5d c3 90 55 48 89 e5
0x00000001065e18dc:   48 83 ec 10 48 83 ce 01 48 89 75 f0 8b 47 68 8b 

Register to memory mapping:

RAX=0x0000000000000000 is an unknown value
RBX=0x00000007e13d4d08 is an oop
java.lang.String 
 - klass: 'java/lang/String'
RCX=0x000000000000000c is an unknown value
RDX=0x0000000000000000 is an unknown value
RSP=0x000000010f794a70 is pointing into the stack for thread: 0x00007fa19c832800
RBP=0x000000010f794a70 is pointing into the stack for thread: 0x00007fa19c832800
RSI=0x0000000106264348 is a global jni handle
RDI=0x00000007e13d4d08 is an oop
java.lang.String 
 - klass: 'java/lang/String'
R8 =0x0000000000000003 is an unknown value
R9 =0x00000000000006c8 is an unknown value
R10=0x0000000000000000 is an unknown value
R11=0x000000010626d130 is an unknown value
R12=0x00007fa19c832800 is a thread
R13=0x00000001062435e0 is an unknown value
R14=0x0000000000000000 is an unknown value
R15=0x0000000000000000 is an unknown value


Stack: [0x000000010f695000,0x000000010f795000],  sp=0x000000010f794a70,  free space=1022k
Native frames: (J=compiled Java code, j=interpreted, Vv=VM code, C=native code)
V  [libjvm.dylib+0x25e8cc]
V  [libjvm.dylib+0x28f006]
V  [libjvm.dylib+0x29e7fd]
C  [libjdwp.dylib+0x765e]  value+0x96
C  [libjdwp.dylib+0xe75e]  debugLoop_run+0x1ce
C  [libjdwp.dylib+0x1f1ba]  attachThread+0x4d
V  [libjvm.dylib+0x30b676]
V  [libjvm.dylib+0x478294]
V  [libjvm.dylib+0x47977a]
V  [libjvm.dylib+0x3b5191]
C  [libsystem_c.dylib+0x4e8bf]  _pthread_start+0x14f
C  [libsystem_c.dylib+0x51b75]  thread_start+0xd


---------------  P R O C E S S  ---------------

Java Threads: ( => current thread )
  0x00007fa19c07b800 JavaThread "Service Thread" daemon [_thread_blocked, id=19203, stack(0x000000010fba4000,0x000000010fca4000)]
  0x00007fa19c831800 JavaThread "C2 CompilerThread1" daemon [_thread_blocked, id=18947, stack(0x000000010faa1000,0x000000010fba1000)]
  0x00007fa19c83e000 JavaThread "C2 CompilerThread0" daemon [_thread_blocked, id=18691, stack(0x000000010f99e000,0x000000010fa9e000)]
  0x00007fa19c834000 JavaThread "JDWP Command Reader" daemon [_thread_in_native, id=18435, stack(0x000000010f89b000,0x000000010f99b000)]
  0x00007fa19c833000 JavaThread "JDWP Event Helper Thread" daemon [_thread_blocked, id=18179, stack(0x000000010f798000,0x000000010f898000)]
=>0x00007fa19c832800 JavaThread "JDWP Transport Listener: dt_socket" daemon [_thread_in_vm, id=17923, stack(0x000000010f695000,0x000000010f795000)]
  0x00007fa19c82c800 JavaThread "Signal Dispatcher" daemon [_thread_blocked, id=17667, stack(0x000000010f58c000,0x000000010f68c000)]
  0x00007fa19c824800 JavaThread "Finalizer" daemon [_thread_blocked, id=13571, stack(0x000000010f282000,0x000000010f382000)]
  0x00007fa19c81e000 JavaThread "Reference Handler" daemon [_thread_blocked, id=13315, stack(0x000000010f17f000,0x000000010f27f000)]
  0x00007fa19c034800 JavaThread "main" [_thread_blocked, id=6147, stack(0x0000000106e2b000,0x0000000106f2b000)]

Other Threads:
  0x00007fa19c069800 VMThread [stack: 0x000000010f07c000,0x000000010f17c000] [id=13059]
  0x00007fa19c07f000 WatcherThread [stack: 0x000000010fca7000,0x000000010fda7000] [id=19459]

VM state:not at safepoint (normal execution)

VM Mutex/Monitor currently owned by a thread: None

Heap
 PSYoungGen      total 27648K, used 1440K [0x00000007e12b0000, 0x00000007e3180000, 0x0000000800000000)
  eden space 23744K, 6% used [0x00000007e12b0000,0x00000007e14183c8,0x00000007e29e0000)
  from space 3904K, 0% used [0x00000007e2db0000,0x00000007e2db0000,0x00000007e3180000)
  to   space 3904K, 0% used [0x00000007e29e0000,0x00000007e29e0000,0x00000007e2db0000)
 ParOldGen       total 63168K, used 0K [0x00000007a3800000, 0x00000007a75b0000, 0x00000007e12b0000)
  object space 63168K, 0% used [0x00000007a3800000,0x00000007a3800000,0x00000007a75b0000)
 PSPermGen       total 21248K, used 2689K [0x000000079e600000, 0x000000079fac0000, 0x00000007a3800000)
  object space 21248K, 12% used [0x000000079e600000,0x000000079e8a0648,0x000000079fac0000)

Card table byte_map: [0x000000010a06b000,0x000000010a379000] byte_map_base: 0x0000000106378000

Polling page: 0x00000001061f8000

Code Cache  [0x0000000106fab000, 0x000000010721b000, 0x0000000109fab000)
 total_blobs=174 nmethods=1 adapters=134 free_code_cache=48772Kb largest_free_block=49927168

Compilation events (2 events):
Event: 0.256 Thread 0x00007fa19c83e000    1             java.lang.String::hashCode (55 bytes)
Event: 0.265 Thread 0x00007fa19c83e000 nmethod 1 0x000000010700a790 code [0x000000010700a8e0, 0x000000010700aa98]

GC Heap History (0 events):
No events

Deoptimization events (0 events):
No events

Internal exceptions (10 events):
Event: 0.271 Thread 0x00007fa19c034800 Threw 0x00000007e13b7550 at /HUDSON/workspace/jdk7u17-2-build-macosx-amd64-product/jdk7u17/hotspot/src/share/vm/prims/jvm.cpp:1166
Event: 0.272 Thread 0x00007fa19c034800 Threw 0x00000007e13b7fe8 at /HUDSON/workspace/jdk7u17-2-build-macosx-amd64-product/jdk7u17/hotspot/src/share/vm/prims/jni.cpp:716
Event: 0.272 Thread 0x00007fa19c034800 Threw 0x00000007e13b8108 at /HUDSON/workspace/jdk7u17-2-build-macosx-amd64-product/jdk7u17/hotspot/src/share/vm/prims/jvm.cpp:1166
Event: 0.272 Thread 0x00007fa19c034800 Threw 0x00000007e13b8230 at /HUDSON/workspace/jdk7u17-2-build-macosx-amd64-product/jdk7u17/hotspot/src/share/vm/prims/jvm.cpp:1166
Event: 0.276 Thread 0x00007fa19c034800 Threw 0x00000007e13ca350 at /HUDSON/workspace/jdk7u17-2-build-macosx-amd64-product/jdk7u17/hotspot/src/share/vm/prims/jni.cpp:716
Event: 0.276 Thread 0x00007fa19c034800 Threw 0x00000007e13ca470 at /HUDSON/workspace/jdk7u17-2-build-macosx-amd64-product/jdk7u17/hotspot/src/share/vm/prims/jvm.cpp:1166
Event: 0.277 Thread 0x00007fa19c034800 Threw 0x00000007e13ca598 at /HUDSON/workspace/jdk7u17-2-build-macosx-amd64-product/jdk7u17/hotspot/src/share/vm/prims/jvm.cpp:1166
Event: 0.277 Thread 0x00007fa19c034800 Threw 0x00000007e13ca7e8 at /HUDSON/workspace/jdk7u17-2-build-macosx-amd64-product/jdk7u17/hotspot/src/share/vm/prims/jvm.cpp:1166
Event: 0.282 Thread 0x00007fa19c034800 Threw 0x00000007e13cff00 at /HUDSON/workspace/jdk7u17-2-build-macosx-amd64-product/jdk7u17/hotspot/src/share/vm/prims/jvm.cpp:1166
Event: 0.283 Thread 0x00007fa19c034800 Threw 0x00000007e13d2ac0 at /HUDSON/workspace/jdk7u17-2-build-macosx-amd64-product/jdk7u17/hotspot/src/share/vm/prims/jvm.cpp:1166

Events (10 events):
Event: 123.086 Executing VM operation: ChangeSingleStep
Event: 123.086 Executing VM operation: ChangeSingleStep done
Event: 123.250 Executing VM operation: GetOrSetLocal
Event: 123.250 Executing VM operation: GetOrSetLocal done
Event: 124.256 Executing VM operation: GetOrSetLocal
Event: 124.256 Executing VM operation: GetOrSetLocal done
Event: 124.257 Executing VM operation: GetOrSetLocal
Event: 124.257 Executing VM operation: GetOrSetLocal done
Event: 124.290 Executing VM operation: GetOrSetLocal
Event: 124.290 Executing VM operation: GetOrSetLocal done


Dynamic libraries:
0x0000000003f1c000 	/System/Library/Frameworks/Cocoa.framework/Versions/A/Cocoa
0x0000000003f1c000 	/System/Library/Frameworks/Security.framework/Versions/A/Security
0x0000000003f1c000 	/System/Library/Frameworks/ApplicationServices.framework/Versions/A/ApplicationServices
0x0000000003f1c000 	/usr/lib/libz.1.dylib
0x0000000003f1c000 	/usr/lib/libSystem.B.dylib
0x0000000003f1c000 	/usr/lib/libobjc.A.dylib
0x0000000003f1c000 	/System/Library/Frameworks/CoreFoundation.framework/Versions/A/CoreFoundation
0x0000000003f1c000 	/System/Library/Frameworks/AppKit.framework/Versions/C/AppKit
0x0000000003f1c000 	/System/Library/Frameworks/CoreData.framework/Versions/A/CoreData
0x0000000003f1c000 	/System/Library/Frameworks/Foundation.framework/Versions/C/Foundation
0x0000000003f1c000 	/System/Library/PrivateFrameworks/RemoteViewServices.framework/Versions/A/RemoteViewServices
0x0000000003f1c000 	/System/Library/Frameworks/AudioToolbox.framework/Versions/A/AudioToolbox
0x0000000003f1c000 	/System/Library/Frameworks/AudioUnit.framework/Versions/A/AudioUnit
0x0000000003f1c000 	/System/Library/PrivateFrameworks/DataDetectorsCore.framework/Versions/A/DataDetectorsCore
0x0000000003f1c000 	/System/Library/PrivateFrameworks/DesktopServicesPriv.framework/Versions/A/DesktopServicesPriv
0x0000000003f1c000 	/System/Library/Frameworks/Carbon.framework/Versions/A/Frameworks/HIToolbox.framework/Versions/A/HIToolbox
0x0000000003f1c000 	/System/Library/Frameworks/QuartzCore.framework/Versions/A/QuartzCore
0x0000000003f1c000 	/System/Library/Frameworks/Carbon.framework/Versions/A/Frameworks/SpeechRecognition.framework/Versions/A/SpeechRecognition
0x0000000003f1c000 	/usr/lib/libauto.dylib
0x0000000003f1c000 	/usr/lib/libicucore.A.dylib
0x0000000003f1c000 	/usr/lib/libxml2.2.dylib
0x0000000003f1c000 	/System/Library/PrivateFrameworks/CoreUI.framework/Versions/A/CoreUI
0x0000000003f1c000 	/System/Library/Frameworks/CoreAudio.framework/Versions/A/CoreAudio
0x0000000003f1c000 	/System/Library/Frameworks/DiskArbitration.framework/Versions/A/DiskArbitration
0x0000000003f1c000 	/usr/lib/liblangid.dylib
0x0000000003f1c000 	/System/Library/PrivateFrameworks/MultitouchSupport.framework/Versions/A/MultitouchSupport
0x0000000003f1c000 	/System/Library/Frameworks/IOKit.framework/Versions/A/IOKit
0x0000000003f1c000 	/usr/lib/libDiagnosticMessagesClient.dylib
0x0000000003f1c000 	/System/Library/Frameworks/CoreServices.framework/Versions/A/CoreServices
0x0000000003f1c000 	/System/Library/PrivateFrameworks/PerformanceAnalysis.framework/Versions/A/PerformanceAnalysis
0x0000000003f1c000 	/System/Library/PrivateFrameworks/GenerationalStorage.framework/Versions/A/GenerationalStorage
0x0000000003f1c000 	/System/Library/Frameworks/OpenGL.framework/Versions/A/OpenGL
0x0000000003f1c000 	/System/Library/Frameworks/CoreServices.framework/Versions/A/Frameworks/CFNetwork.framework/Versions/A/CFNetwork
0x0000000003f1c000 	/System/Library/Frameworks/SystemConfiguration.framework/Versions/A/SystemConfiguration
0x0000000003f1c000 	/usr/lib/libCRFSuite.dylib
0x0000000003f1c000 	/usr/lib/libc++.1.dylib
0x0000000003f1c000 	/usr/lib/libstdc++.6.dylib
0x0000000003f1c000 	/usr/lib/libc++abi.dylib
0x0000000003f1c000 	/usr/lib/system/libcache.dylib
0x0000000003f1c000 	/usr/lib/system/libcommonCrypto.dylib
0x0000000003f1c000 	/usr/lib/system/libcompiler_rt.dylib
0x0000000003f1c000 	/usr/lib/system/libcopyfile.dylib
0x0000000003f1c000 	/usr/lib/system/libdispatch.dylib
0x0000000003f1c000 	/usr/lib/system/libdnsinfo.dylib
0x0000000003f1c000 	/usr/lib/system/libdyld.dylib
0x0000000003f1c000 	/usr/lib/system/libkeymgr.dylib
0x0000000003f1c000 	/usr/lib/system/liblaunch.dylib
0x0000000003f1c000 	/usr/lib/system/libmacho.dylib
0x0000000003f1c000 	/usr/lib/system/libmathCommon.A.dylib
0x0000000003f1c000 	/usr/lib/system/libquarantine.dylib
0x0000000003f1c000 	/usr/lib/system/libremovefile.dylib
0x0000000003f1c000 	/usr/lib/system/libsystem_blocks.dylib
0x0000000003f1c000 	/usr/lib/system/libsystem_c.dylib
0x0000000003f1c000 	/usr/lib/system/libsystem_dnssd.dylib
0x0000000003f1c000 	/usr/lib/system/libsystem_info.dylib
0x0000000003f1c000 	/usr/lib/system/libsystem_kernel.dylib
0x0000000003f1c000 	/usr/lib/system/libsystem_network.dylib
0x0000000003f1c000 	/usr/lib/system/libsystem_notify.dylib
0x0000000003f1c000 	/usr/lib/system/libsystem_sandbox.dylib
0x0000000003f1c000 	/usr/lib/system/libunc.dylib
0x0000000003f1c000 	/usr/lib/system/libunwind.dylib
0x0000000003f1c000 	/usr/lib/system/libxpc.dylib
0x0000000003f1c000 	/usr/lib/libbsm.0.dylib
0x0000000003f1c000 	/usr/lib/libsqlite3.dylib
0x0000000003f1c000 	/usr/lib/libOpenScriptingUtil.dylib
0x0000000003f1c000 	/usr/lib/libpam.2.dylib
0x0000000003f1c000 	/usr/lib/libxar-nossl.dylib
0x0000000003f1c000 	/usr/lib/libbz2.1.0.dylib
0x0000000003f1c000 	/System/Library/Frameworks/CoreServices.framework/Versions/A/Frameworks/CarbonCore.framework/Versions/A/CarbonCore
0x0000000003f1c000 	/System/Library/Frameworks/CoreServices.framework/Versions/A/Frameworks/Metadata.framework/Versions/A/Metadata
0x0000000003f1c000 	/System/Library/Frameworks/CoreServices.framework/Versions/A/Frameworks/OSServices.framework/Versions/A/OSServices
0x0000000003f1c000 	/System/Library/Frameworks/CoreServices.framework/Versions/A/Frameworks/SearchKit.framework/Versions/A/SearchKit
0x0000000003f1c000 	/System/Library/Frameworks/CoreServices.framework/Versions/A/Frameworks/AE.framework/Versions/A/AE
0x0000000003f1c000 	/System/Library/Frameworks/CoreServices.framework/Versions/A/Frameworks/LaunchServices.framework/Versions/A/LaunchServices
0x0000000003f1c000 	/System/Library/Frameworks/CoreServices.framework/Versions/A/Frameworks/DictionaryServices.framework/Versions/A/DictionaryServices
0x0000000003f1c000 	/System/Library/Frameworks/NetFS.framework/Versions/A/NetFS
0x0000000003f1c000 	/usr/lib/system/libkxld.dylib
0x0000000003f1c000 	/System/Library/PrivateFrameworks/NetAuth.framework/Versions/A/NetAuth
0x0000000003f1c000 	/usr/lib/libcrypto.0.9.8.dylib
0x0000000003f1c000 	/System/Library/PrivateFrameworks/TrustEvaluationAgent.framework/Versions/A/TrustEvaluationAgent
0x0000000003f1c000 	/System/Library/Frameworks/OpenDirectory.framework/Versions/A/Frameworks/CFOpenDirectory.framework/Versions/A/CFOpenDirectory
0x0000000003f1c000 	/usr/lib/libxslt.1.dylib
0x0000000003f1c000 	/System/Library/PrivateFrameworks/FamilyControls.framework/Versions/A/FamilyControls
0x0000000003f1c000 	/System/Library/Frameworks/Carbon.framework/Versions/A/Frameworks/Ink.framework/Versions/A/Ink
0x0000000003f1c000 	/System/Library/Frameworks/ApplicationServices.framework/Versions/A/Frameworks/CoreGraphics.framework/Versions/A/CoreGraphics
0x0000000003f1c000 	/System/Library/Frameworks/ApplicationServices.framework/Versions/A/Frameworks/ImageIO.framework/Versions/A/ImageIO
0x0000000003f1c000 	/System/Library/Frameworks/ApplicationServices.framework/Versions/A/Frameworks/CoreText.framework/Versions/A/CoreText
0x0000000003f1c000 	/System/Library/Frameworks/ApplicationServices.framework/Versions/A/Frameworks/ATS.framework/Versions/A/ATS
0x0000000003f1c000 	/System/Library/Frameworks/ApplicationServices.framework/Versions/A/Frameworks/ColorSync.framework/Versions/A/ColorSync
0x0000000003f1c000 	/System/Library/Frameworks/ApplicationServices.framework/Versions/A/Frameworks/HIServices.framework/Versions/A/HIServices
0x0000000003f1c000 	/System/Library/Frameworks/ApplicationServices.framework/Versions/A/Frameworks/LangAnalysis.framework/Versions/A/LangAnalysis
0x0000000003f1c000 	/System/Library/Frameworks/ApplicationServices.framework/Versions/A/Frameworks/PrintCore.framework/Versions/A/PrintCore
0x0000000003f1c000 	/System/Library/Frameworks/ApplicationServices.framework/Versions/A/Frameworks/QD.framework/Versions/A/QD
0x0000000003f1c000 	/System/Library/Frameworks/ApplicationServices.framework/Versions/A/Frameworks/SpeechSynthesis.framework/Versions/A/SpeechSynthesis
0x0000000003f1c000 	/System/Library/Frameworks/IOSurface.framework/Versions/A/IOSurface
0x0000000003f1c000 	/System/Library/Frameworks/Accelerate.framework/Versions/A/Accelerate
0x0000000003f1c000 	/System/Library/Frameworks/ApplicationServices.framework/Versions/A/Frameworks/ImageIO.framework/Versions/A/Resources/libJPEG.dylib
0x0000000003f1c000 	/System/Library/Frameworks/ApplicationServices.framework/Versions/A/Frameworks/ImageIO.framework/Versions/A/Resources/libTIFF.dylib
0x0000000003f1c000 	/System/Library/Frameworks/ApplicationServices.framework/Versions/A/Frameworks/ImageIO.framework/Versions/A/Resources/libPng.dylib
0x0000000003f1c000 	/System/Library/Frameworks/ApplicationServices.framework/Versions/A/Frameworks/ImageIO.framework/Versions/A/Resources/libGIF.dylib
0x0000000003f1c000 	/System/Library/Frameworks/ApplicationServices.framework/Versions/A/Frameworks/ImageIO.framework/Versions/A/Resources/libJP2.dylib
0x0000000003f1c000 	/System/Library/Frameworks/ApplicationServices.framework/Versions/A/Frameworks/ImageIO.framework/Versions/A/Resources/libRadiance.dylib
0x0000000003f1c000 	/System/Library/Frameworks/Accelerate.framework/Versions/A/Frameworks/vImage.framework/Versions/A/vImage
0x0000000003f1c000 	/System/Library/Frameworks/Accelerate.framework/Versions/A/Frameworks/vecLib.framework/Versions/A/vecLib
0x0000000003f1c000 	/System/Library/Frameworks/Accelerate.framework/Versions/A/Frameworks/vecLib.framework/Versions/A/libvDSP.dylib
0x0000000003f1c000 	/System/Library/Frameworks/Accelerate.framework/Versions/A/Frameworks/vecLib.framework/Versions/A/libvMisc.dylib
0x0000000003f1c000 	/System/Library/Frameworks/Accelerate.framework/Versions/A/Frameworks/vecLib.framework/Versions/A/libLAPACK.dylib
0x0000000003f1c000 	/System/Library/Frameworks/Accelerate.framework/Versions/A/Frameworks/vecLib.framework/Versions/A/libBLAS.dylib
0x0000000003f1c000 	/System/Library/Frameworks/ApplicationServices.framework/Versions/A/Frameworks/ATS.framework/Versions/A/Resources/libFontParser.dylib
0x0000000003f1c000 	/System/Library/Frameworks/ApplicationServices.framework/Versions/A/Frameworks/ATS.framework/Versions/A/Resources/libFontRegistry.dylib
0x0000000003f1c000 	/usr/lib/libcups.2.dylib
0x0000000003f1c000 	/System/Library/Frameworks/Kerberos.framework/Versions/A/Kerberos
0x0000000003f1c000 	/System/Library/Frameworks/GSS.framework/Versions/A/GSS
0x0000000003f1c000 	/usr/lib/libresolv.9.dylib
0x0000000003f1c000 	/usr/lib/libiconv.2.dylib
0x0000000003f1c000 	/System/Library/PrivateFrameworks/Heimdal.framework/Versions/A/Heimdal
0x0000000003f1c000 	/System/Library/Frameworks/OpenDirectory.framework/Versions/A/OpenDirectory
0x0000000003f1c000 	/System/Library/PrivateFrameworks/CommonAuth.framework/Versions/A/CommonAuth
0x0000000003f1c000 	/System/Library/Frameworks/CoreVideo.framework/Versions/A/CoreVideo
0x0000000003f1c000 	/System/Library/Frameworks/QuartzCore.framework/Versions/A/Frameworks/CoreImage.framework/Versions/A/CoreImage
0x0000000003f1c000 	/System/Library/Frameworks/QuartzCore.framework/Versions/A/Frameworks/ScalableUserInterface.framework/Versions/A/ScalableUserInterface
0x0000000003f1c000 	/System/Library/Frameworks/OpenGL.framework/Versions/A/Libraries/libGLU.dylib
0x0000000003f1c000 	/System/Library/Frameworks/OpenGL.framework/Versions/A/Libraries/libGFXShared.dylib
0x0000000003f1c000 	/System/Library/Frameworks/OpenGL.framework/Versions/A/Libraries/libGL.dylib
0x0000000003f1c000 	/System/Library/Frameworks/OpenGL.framework/Versions/A/Libraries/libGLImage.dylib
0x0000000003f1c000 	/System/Library/Frameworks/OpenGL.framework/Versions/A/Libraries/libCVMSPluginSupport.dylib
0x0000000003f1c000 	/System/Library/Frameworks/OpenGL.framework/Versions/A/Libraries/libCoreVMClient.dylib
0x0000000003f1c000 	/System/Library/Frameworks/OpenCL.framework/Versions/A/OpenCL
0x0000000003f1c000 	/System/Library/PrivateFrameworks/FaceCoreLight.framework/Versions/A/FaceCoreLight
0x0000000003f1c000 	/System/Library/Frameworks/vecLib.framework/Versions/A/vecLib
0x0000000003f1c000 	/System/Library/Frameworks/SecurityFoundation.framework/Versions/A/SecurityFoundation
0x0000000003f1c000 	/System/Library/PrivateFrameworks/CommerceKit.framework/Versions/A/Frameworks/CommerceCore.framework/Versions/A/CommerceCore
0x0000000003f1c000 	/System/Library/PrivateFrameworks/CoreSymbolication.framework/Versions/A/CoreSymbolication
0x0000000003f1c000 	/System/Library/PrivateFrameworks/Symbolication.framework/Versions/A/Symbolication
0x0000000003f1c000 	/System/Library/PrivateFrameworks/DebugSymbols.framework/Versions/A/DebugSymbols
0x0000000106383000 	/Library/Java/JavaVirtualMachines/jdk1.7.0_17.jdk/Contents/Home/jre/lib/server/libjvm.dylib
0x00000001061eb000 	/Library/Java/JavaVirtualMachines/jdk1.7.0_17.jdk/Contents/Home/jre/lib/libverify.dylib
0x0000000106f2d000 	/Library/Java/JavaVirtualMachines/jdk1.7.0_17.jdk/Contents/Home/jre/lib/libjava.dylib
0x0000000106f5d000 	/Library/Java/JavaVirtualMachines/jdk1.7.0_17.jdk/Contents/Home/jre/lib/libjdwp.dylib
0x00000001061f9000 	/Library/Java/JavaVirtualMachines/jdk1.7.0_17.jdk/Contents/Home/jre/lib/./libnpt.dylib
0x0000000106fa2000 	/Library/Java/JavaVirtualMachines/jdk1.7.0_17.jdk/Contents/Home/jre/lib/libzip.dylib
0x000000010f384000 	/System/Library/Frameworks/JavaVM.framework/Frameworks/JavaRuntimeSupport.framework/JavaRuntimeSupport
0x000000010f39c000 	/System/Library/Frameworks/JavaVM.framework/Versions/A/Frameworks/JavaNativeFoundation.framework/Versions/A/JavaNativeFoundation
0x000000010f3b1000 	/System/Library/Frameworks/JavaVM.framework/Versions/A/JavaVM
0x0000000003f1c000 	/System/Library/Frameworks/Carbon.framework/Versions/A/Carbon
0x000000010f3be000 	/System/Library/PrivateFrameworks/JavaLaunching.framework/Versions/A/JavaLaunching
0x0000000003f1c000 	/System/Library/Frameworks/Carbon.framework/Versions/A/Frameworks/CommonPanels.framework/Versions/A/CommonPanels
0x0000000003f1c000 	/System/Library/Frameworks/Carbon.framework/Versions/A/Frameworks/Help.framework/Versions/A/Help
0x0000000003f1c000 	/System/Library/Frameworks/Carbon.framework/Versions/A/Frameworks/ImageCapture.framework/Versions/A/ImageCapture
0x0000000003f1c000 	/System/Library/Frameworks/Carbon.framework/Versions/A/Frameworks/OpenScripting.framework/Versions/A/OpenScripting
0x0000000003f1c000 	/System/Library/Frameworks/Carbon.framework/Versions/A/Frameworks/Print.framework/Versions/A/Print
0x0000000003f1c000 	/System/Library/Frameworks/Carbon.framework/Versions/A/Frameworks/SecurityHI.framework/Versions/A/SecurityHI
0x000000010f68e000 	/Library/Java/JavaVirtualMachines/jdk1.7.0_17.jdk/Contents/Home/jre/lib/libdt_socket.dylib

VM Arguments:
jvm_args: -agentlib:jdwp=transport=dt_socket,suspend=y,address=localhost:51174 -Dfile.encoding=US-ASCII 
java_command: Default.Main
Launcher Type: SUN_STANDARD

Environment Variables:
PATH=/usr/bin:/bin:/usr/sbin:/sbin
SHELL=/bin/bash
DISPLAY=/tmp/launch-xiAuXF/org.macosforge.xquartz:0

Signal Handlers:
SIGSEGV: [libjvm.dylib+0x4a361d], sa_mask[0]=0xfffefeff, sa_flags=0x00000042
SIGBUS: [libjvm.dylib+0x4a361d], sa_mask[0]=0xfffefeff, sa_flags=0x00000042
SIGFPE: [libjvm.dylib+0x3b302d], sa_mask[0]=0xfffefeff, sa_flags=0x00000042
SIGPIPE: [libjvm.dylib+0x3b302d], sa_mask[0]=0xfffefeff, sa_flags=0x00000042
SIGXFSZ: [libjvm.dylib+0x3b302d], sa_mask[0]=0xfffefeff, sa_flags=0x00000042
SIGILL: [libjvm.dylib+0x3b302d], sa_mask[0]=0xfffefeff, sa_flags=0x00000042
SIGUSR1: SIG_DFL, sa_mask[0]=0x00000000, sa_flags=0x00000002
SIGUSR2: [libjvm.dylib+0x3b2bc6], sa_mask[0]=0x00000004, sa_flags=0x00000042
SIGHUP: [libjvm.dylib+0x3b0e27], sa_mask[0]=0xfffefeff, sa_flags=0x00000042
SIGINT: [libjvm.dylib+0x3b0e27], sa_mask[0]=0xfffefeff, sa_flags=0x00000042
SIGTERM: [libjvm.dylib+0x3b0e27], sa_mask[0]=0xfffefeff, sa_flags=0x00000042
SIGQUIT: [libjvm.dylib+0x3b0e27], sa_mask[0]=0xfffefeff, sa_flags=0x00000042


---------------  S Y S T E M  ---------------

OS:Bsduname:Darwin 11.4.2 Darwin Kernel Version 11.4.2: Thu Aug 23 16:26:45 PDT 2012; root:xnu-1699.32.7~1/RELEASE_I386 i386
rlimit: STACK 8192k, CORE 0k, NPROC 266, NOFILE 10240, AS infinity
load average:0.77 0.80 0.83

CPU:total 2 (2 cores per cpu, 1 threads per core) family 6 model 15 stepping 6, cmov, cx8, fxsr, mmx, sse, sse2, sse3, ssse3, tsc

Memory: 4k page, physical 6058796k(1514699k free)

/proc/meminfo:


vm_info: Java HotSpot(TM) 64-Bit Server VM (23.7-b01) for bsd-amd64 JRE (1.7.0_17-b02), built on Mar  1 2013 06:41:23 by "java_re" with gcc 4.2.1 (Based on Apple Inc. build 5658) (LLVM build 2336.11.00)

time: Tue Jan 14 21:36:48 2014
elapsed time: 124 seconds

